[14:32:05] [main/INFO]: Setting user: Player591
[14:32:06] [Client thread/INFO]: LWJGL Version: 2.9.1
[14:32:09] [Client thread/INFO]: Reloading ResourceManager: Default, FMLFileResourcePack:Forge Mod Loader, FMLFileResourcePack:Minecraft Forge, FMLFileResourcePack:The Hunter Mod
[14:32:10] [Sound Library Loader/INFO]: Sound engine started
[14:32:10] [Client thread/INFO]: Created: 512x256 textures/blocks-atlas
[14:32:10] [Client thread/INFO]: Created: 512x256 textures/items-atlas
[14:32:10] [Client thread/INFO]: Reloading ResourceManager: Default, FMLFileResourcePack:Forge Mod Loader, FMLFileResourcePack:Minecraft Forge, FMLFileResourcePack:The Hunter Mod
[14:32:10] [Client thread/INFO]: Created: 512x256 textures/blocks-atlas
[14:32:10] [Client thread/INFO]: Created: 512x256 textures/items-atlas
[14:32:11] [Sound Library Loader/INFO]: Sound engine started
[14:32:17] [Server thread/INFO]: Starting integrated minecraft server version 1.7.10
[14:32:17] [Server thread/INFO]: Generating keypair
[14:32:18] [Server thread/INFO]: Preparing start region for level 0
[14:32:18] [Server thread/INFO]: Changing view distance to 12, from 10
[14:32:19] [Server thread/INFO]: Player591[local:E:fbf2ab3e] logged in with entity id 90 at (-13.539609711450673, 65.0, -12.417355740753202)
[14:32:19] [Server thread/INFO]: Player591 joined the game
[14:32:45] [Server thread/INFO]: Player591 has just earned the achievement [Taking Inventory]
[14:32:45] [Client thread/INFO]: [CHAT] Player591 has just earned the achievement [Taking Inventory]
[14:33:19] [Client thread/INFO]: [CHAT] That player cannot be found
[14:33:39] [Server thread/INFO]: [Player591: Given [Poison Arrow] * 64 to Player591]
[14:33:39] [Client thread/INFO]: [CHAT] Given [Poison Arrow] * 64 to Player591
[14:33:54] [Server thread/INFO]: Saving and pausing game...
[14:33:54] [Server thread/INFO]: Saving chunks for level 'Mod Testing'/Overworld
[14:33:54] [Server thread/INFO]: Saving chunks for level 'Mod Testing'/Nether
[14:33:54] [Server thread/INFO]: Saving chunks for level 'Mod Testing'/The End
[14:33:56] [Client thread/INFO]: Stopping!
[14:33:56] [Server thread/INFO]: Stopping server
[14:33:56] [Server thread/INFO]: Saving players
[14:33:56] [Server thread/INFO]: Saving worlds
[14:33:56] [Server thread/INFO]: Saving chunks for level 'Mod Testing'/Overworld
[14:33:56] [Server thread/INFO]: Saving chunks for level 'Mod Testing'/Nether
[14:33:56] [Server thread/INFO]: Saving chunks for level 'Mod Testing'/The End
[14:36:36] [main/INFO]: Setting user: Player655
