[10:53:38] [main/INFO]: Setting user: Player780
[10:53:39] [Client thread/INFO]: LWJGL Version: 2.9.1
[10:53:42] [Client thread/INFO]: Reloading ResourceManager: Default, FMLFileResourcePack:Forge Mod Loader, FMLFileResourcePack:Minecraft Forge, FMLFileResourcePack:The Hunter Mod
[10:53:43] [Sound Library Loader/INFO]: Sound engine started
[10:53:43] [Client thread/INFO]: Created: 512x512 textures/blocks-atlas
[10:53:43] [Client thread/INFO]: Created: 512x512 textures/items-atlas
[10:53:43] [Client thread/INFO]: Reloading ResourceManager: Default, FMLFileResourcePack:Forge Mod Loader, FMLFileResourcePack:Minecraft Forge, FMLFileResourcePack:The Hunter Mod
[10:53:44] [Client thread/INFO]: Created: 512x512 textures/blocks-atlas
[10:53:44] [Client thread/INFO]: Created: 512x512 textures/items-atlas
[10:53:45] [Sound Library Loader/INFO]: Sound engine started
[10:54:14] [Server thread/INFO]: Starting integrated minecraft server version 1.7.10
[10:54:14] [Server thread/INFO]: Generating keypair
[10:54:15] [Server thread/INFO]: Preparing start region for level 0
[10:54:15] [Server thread/INFO]: Changing view distance to 12, from 10
[10:54:20] [Server thread/INFO]: Stopping server
[10:54:20] [Server thread/INFO]: Saving players
[10:54:20] [Server thread/INFO]: Saving worlds
[10:54:20] [Server thread/INFO]: Saving chunks for level 'Mod Testing'/Overworld
[10:54:20] [Server thread/INFO]: Saving chunks for level 'Mod Testing'/Nether
[10:54:20] [Server thread/INFO]: Saving chunks for level 'Mod Testing'/The End
[10:54:20] [Server thread/INFO]: Starting integrated minecraft server version 1.7.10
[10:54:20] [Server thread/INFO]: Generating keypair
[10:54:20] [Server thread/INFO]: Preparing start region for level 0
[10:54:20] [Server thread/INFO]: Changing view distance to 12, from 10
[10:54:21] [Server thread/INFO]: Player780[local:E:008ed548] logged in with entity id 152 at (-27.5, 64.0, -6.5)
[10:54:21] [Server thread/INFO]: Player780 joined the game
[10:54:31] [Server thread/INFO]: Player780 has just earned the achievement [Taking Inventory]
[10:54:31] [Client thread/INFO]: [CHAT] Player780 has just earned the achievement [Taking Inventory]
[10:55:06] [Server thread/INFO]: Saving and pausing game...
[10:55:06] [Server thread/INFO]: Saving chunks for level 'Mod Testing'/Overworld
[10:55:06] [Server thread/INFO]: Saving chunks for level 'Mod Testing'/Nether
[10:55:06] [Server thread/INFO]: Saving chunks for level 'Mod Testing'/The End
[11:02:12] [Server thread/INFO]: Saving and pausing game...
[11:02:12] [Server thread/INFO]: Saving chunks for level 'Mod Testing'/Overworld
[11:02:12] [Server thread/INFO]: Saving chunks for level 'Mod Testing'/Nether
[11:02:12] [Server thread/INFO]: Saving chunks for level 'Mod Testing'/The End
[11:02:12] [Server thread/INFO]: Stopping server
[11:02:12] [Server thread/INFO]: Saving players
[11:02:12] [Server thread/INFO]: Saving worlds
[11:02:12] [Server thread/INFO]: Saving chunks for level 'Mod Testing'/Overworld
[11:02:12] [Server thread/INFO]: Saving chunks for level 'Mod Testing'/Nether
[11:02:12] [Server thread/INFO]: Saving chunks for level 'Mod Testing'/The End
[11:02:14] [Client thread/INFO]: Stopping!
